# JRE version: OpenJDK Runtime Environment Temurin-17.0.2+8 (17.0.2+8) (build 17.0.2+8)
# Java VM: OpenJDK 64-Bit Server VM Temurin-17.0.2+8 (17.0.2+8, mixed mode, tiered, compressed oops, compressed class ptrs, parallel gc, bsd-amd64)
GC Precious Log:
 CPUs: 4 total, 4 available
 Memory: 16384M
 Large Page Support: Disabled
 NUMA Support: Disabled
 Compressed Oops: Enabled (Zero based)
 Alignments: Space 512K, Generation 512K, Heap 2M
 Heap Min Capacity: 100M
 Heap Initial Capacity: 100M
 Heap Max Capacity: 1G
 Pre-touch: Disabled
 Parallel Workers: 4
Heap:
 PSYoungGen      total 23552K, used 9209K [0x00000007eab00000, 0x00000007ec480000, 0x0000000800000000)
  eden space 20480K, 36% used [0x00000007eab00000,0x00000007eb243c10,0x00000007ebf00000)
  from space 3072K, 57% used [0x00000007ebf00000,0x00000007ec0baaf0,0x00000007ec200000)
  to   space 2048K, 0% used [0x00000007ec280000,0x00000007ec280000,0x00000007ec480000)
 ParOldGen       total 68608K, used 43070K [0x00000007c0000000, 0x00000007c4300000, 0x00000007eab00000)
  object space 68608K, 62% used [0x00000007c0000000,0x00000007c2a0fb98,0x00000007c4300000)
 Metaspace       used 57101K, committed 58048K, reserved 1105920K
  class space    used 6134K, committed 6528K, reserved 1048576K
GC Heap History (20 events):
Event: 21.743 GC heap before
{Heap before GC invocations=22 (full 2):
 PSYoungGen      total 23552K, used 22812K [0x00000007eab00000, 0x00000007ec380000, 0x0000000800000000)
  eden space 22016K, 99% used [0x00000007eab00000,0x00000007ec0770f8,0x00000007ec080000)
  from space 1536K, 54% used [0x00000007ec080000,0x00000007ec150000,0x00000007ec200000)
  to   space 1536K, 0% used [0x00000007ec200000,0x00000007ec200000,0x00000007ec380000)
 ParOldGen       total 68608K, used 32074K [0x00000007c0000000, 0x00000007c4300000, 0x00000007eab00000)
  object space 68608K, 46% used [0x00000007c0000000,0x00000007c1f52a08,0x00000007c4300000)
 Metaspace       used 50958K, committed 51840K, reserved 1097728K
  class space    used 5607K, committed 6016K, reserved 1048576K
}
Event: 21.755 GC heap after
{Heap after GC invocations=22 (full 2):
 PSYoungGen      total 22016K, used 1529K [0x00000007eab00000, 0x00000007ec680000, 0x0000000800000000)
  eden space 20480K, 0% used [0x00000007eab00000,0x00000007eab00000,0x00000007ebf00000)
  from space 1536K, 99% used [0x00000007ec200000,0x00000007ec37e798,0x00000007ec380000)
  to   space 3072K, 0% used [0x00000007ebf00000,0x00000007ebf00000,0x00000007ec200000)
 ParOldGen       total 68608K, used 33178K [0x00000007c0000000, 0x00000007c4300000, 0x00000007eab00000)
  object space 68608K, 48% used [0x00000007c0000000,0x00000007c2066b00,0x00000007c4300000)
 Metaspace       used 50958K, committed 51840K, reserved 1097728K
  class space    used 5607K, committed 6016K, reserved 1048576K
}
Event: 22.243 GC heap before
{Heap before GC invocations=23 (full 2):
 PSYoungGen      total 22016K, used 21971K [0x00000007eab00000, 0x00000007ec680000, 0x0000000800000000)
  eden space 20480K, 99% used [0x00000007eab00000,0x00000007ebef65c8,0x00000007ebf00000)
  from space 1536K, 99% used [0x00000007ec200000,0x00000007ec37e798,0x00000007ec380000)
  to   space 3072K, 0% used [0x00000007ebf00000,0x00000007ebf00000,0x00000007ec200000)
 ParOldGen       total 68608K, used 33178K [0x00000007c0000000, 0x00000007c4300000, 0x00000007eab00000)
  object space 68608K, 48% used [0x00000007c0000000,0x00000007c2066b00,0x00000007c4300000)
 Metaspace       used 52128K, committed 53056K, reserved 1097728K
  class space    used 5734K, committed 6144K, reserved 1048576K
}
Event: 22.245 GC heap after
{Heap after GC invocations=23 (full 2):
 PSYoungGen      total 20992K, used 192K [0x00000007eab00000, 0x00000007ec280000, 0x0000000800000000)
  eden space 20480K, 0% used [0x00000007eab00000,0x00000007eab00000,0x00000007ebf00000)
  from space 512K, 37% used [0x00000007ebf00000,0x00000007ebf30000,0x00000007ebf80000)
  to   space 1536K, 0% used [0x00000007ec100000,0x00000007ec100000,0x00000007ec280000)
 ParOldGen       total 68608K, used 33845K [0x00000007c0000000, 0x00000007c4300000, 0x00000007eab00000)
  object space 68608K, 49% used [0x00000007c0000000,0x00000007c210d428,0x00000007c4300000)
 Metaspace       used 52128K, committed 53056K, reserved 1097728K
  class space    used 5734K, committed 6144K, reserved 1048576K
}
Event: 23.520 GC heap before
{Heap before GC invocations=24 (full 2):
 PSYoungGen      total 20992K, used 20672K [0x00000007eab00000, 0x00000007ec280000, 0x0000000800000000)
  eden space 20480K, 100% used [0x00000007eab00000,0x00000007ebf00000,0x00000007ebf00000)
  from space 512K, 37% used [0x00000007ebf00000,0x00000007ebf30000,0x00000007ebf80000)
  to   space 1536K, 0% used [0x00000007ec100000,0x00000007ec100000,0x00000007ec280000)
 ParOldGen       total 68608K, used 33845K [0x00000007c0000000, 0x00000007c4300000, 0x00000007eab00000)
  object space 68608K, 49% used [0x00000007c0000000,0x00000007c210d428,0x00000007c4300000)
 Metaspace       used 53085K, committed 54016K, reserved 1097728K
  class space    used 5863K, committed 6272K, reserved 1048576K
}
Event: 23.532 GC heap after
{Heap after GC invocations=24 (full 2):
 PSYoungGen      total 22016K, used 1204K [0x00000007eab00000, 0x00000007ec280000, 0x0000000800000000)
  eden space 20480K, 0% used [0x00000007eab00000,0x00000007eab00000,0x00000007ebf00000)
  from space 1536K, 78% used [0x00000007ec100000,0x00000007ec22d018,0x00000007ec280000)
  to   space 1536K, 0% used [0x00000007ebf80000,0x00000007ebf80000,0x00000007ec100000)
 ParOldGen       total 68608K, used 33933K [0x00000007c0000000, 0x00000007c4300000, 0x00000007eab00000)
  object space 68608K, 49% used [0x00000007c0000000,0x00000007c2123428,0x00000007c4300000)
 Metaspace       used 53085K, committed 54016K, reserved 1097728K
  class space    used 5863K, committed 6272K, reserved 1048576K
}
Event: 24.701 GC heap before
{Heap before GC invocations=25 (full 2):
 PSYoungGen      total 22016K, used 21684K [0x00000007eab00000, 0x00000007ec280000, 0x0000000800000000)
  eden space 20480K, 100% used [0x00000007eab00000,0x00000007ebf00000,0x00000007ebf00000)
  from space 1536K, 78% used [0x00000007ec100000,0x00000007ec22d018,0x00000007ec280000)
  to   space 1536K, 0% used [0x00000007ebf80000,0x00000007ebf80000,0x00000007ec100000)
 ParOldGen       total 68608K, used 33933K [0x00000007c0000000, 0x00000007c4300000, 0x00000007eab00000)
  object space 68608K, 49% used [0x00000007c0000000,0x00000007c2123428,0x00000007c4300000)
 Metaspace       used 54405K, committed 55296K, reserved 1105920K
  class space    used 5935K, committed 6336K, reserved 1048576K
}
Event: 24.705 GC heap after
{Heap after GC invocations=25 (full 2):
 PSYoungGen      total 22016K, used 1534K [0x00000007eab00000, 0x00000007eca00000, 0x0000000800000000)
  eden space 20480K, 0% used [0x00000007eab00000,0x00000007eab00000,0x00000007ebf00000)
  from space 1536K, 99% used [0x00000007ebf80000,0x00000007ec0ff978,0x00000007ec100000)
  to   space 5632K, 0% used [0x00000007ec480000,0x00000007ec480000,0x00000007eca00000)
 ParOldGen       total 68608K, used 37063K [0x00000007c0000000, 0x00000007c4300000, 0x00000007eab00000)
  object space 68608K, 54% used [0x00000007c0000000,0x00000007c2431e50,0x00000007c4300000)
 Metaspace       used 54405K, committed 55296K, reserved 1105920K
  class space    used 5935K, committed 6336K, reserved 1048576K
}
Event: 25.275 GC heap before
{Heap before GC invocations=26 (full 2):
 PSYoungGen      total 22016K, used 22014K [0x00000007eab00000, 0x00000007eca00000, 0x0000000800000000)
  eden space 20480K, 100% used [0x00000007eab00000,0x00000007ebf00000,0x00000007ebf00000)
  from space 1536K, 99% used [0x00000007ebf80000,0x00000007ec0ff978,0x00000007ec100000)
  to   space 5632K, 0% used [0x00000007ec480000,0x00000007ec480000,0x00000007eca00000)
 ParOldGen       total 68608K, used 37063K [0x00000007c0000000, 0x00000007c4300000, 0x00000007eab00000)
  object space 68608K, 54% used [0x00000007c0000000,0x00000007c2431e50,0x00000007c4300000)
 Metaspace       used 54539K, committed 55424K, reserved 1105920K
  class space    used 5941K, committed 6336K, reserved 1048576K
}
Event: 25.277 GC heap after
{Heap after GC invocations=26 (full 2):
 PSYoungGen      total 21504K, used 768K [0x00000007eab00000, 0x00000007ec580000, 0x0000000800000000)
  eden space 20480K, 0% used [0x00000007eab00000,0x00000007eab00000,0x00000007ebf00000)
  from space 1024K, 75% used [0x00000007ec480000,0x00000007ec540000,0x00000007ec580000)
  to   space 2560K, 0% used [0x00000007ec080000,0x00000007ec080000,0x00000007ec300000)
 ParOldGen       total 68608K, used 38574K [0x00000007c0000000, 0x00000007c4300000, 0x00000007eab00000)
  object space 68608K, 56% used [0x00000007c0000000,0x00000007c25ab9b8,0x00000007c4300000)
 Metaspace       used 54539K, committed 55424K, reserved 1105920K
  class space    used 5941K, committed 6336K, reserved 1048576K
}
Event: 25.591 GC heap before
{Heap before GC invocations=27 (full 2):
 PSYoungGen      total 21504K, used 21248K [0x00000007eab00000, 0x00000007ec580000, 0x0000000800000000)
  eden space 20480K, 100% used [0x00000007eab00000,0x00000007ebf00000,0x00000007ebf00000)
  from space 1024K, 75% used [0x00000007ec480000,0x00000007ec540000,0x00000007ec580000)
  to   space 2560K, 0% used [0x00000007ec080000,0x00000007ec080000,0x00000007ec300000)
 ParOldGen       total 68608K, used 38574K [0x00000007c0000000, 0x00000007c4300000, 0x00000007eab00000)
  object space 68608K, 56% used [0x00000007c0000000,0x00000007c25ab9b8,0x00000007c4300000)
 Metaspace       used 54606K, committed 55488K, reserved 1105920K
  class space    used 5942K, committed 6336K, reserved 1048576K
}
Event: 25.594 GC heap after
{Heap after GC invocations=27 (full 2):
 PSYoungGen      total 23040K, used 704K [0x00000007eab00000, 0x00000007ec500000, 0x0000000800000000)
  eden space 20480K, 0% used [0x00000007eab00000,0x00000007eab00000,0x00000007ebf00000)
  from space 2560K, 27% used [0x00000007ec080000,0x00000007ec130040,0x00000007ec300000)
  to   space 1024K, 0% used [0x00000007ec400000,0x00000007ec400000,0x00000007ec500000)
 ParOldGen       total 68608K, used 39278K [0x00000007c0000000, 0x00000007c4300000, 0x00000007eab00000)
  object space 68608K, 57% used [0x00000007c0000000,0x00000007c265ba58,0x00000007c4300000)
 Metaspace       used 54606K, committed 55488K, reserved 1105920K
  class space    used 5942K, committed 6336K, reserved 1048576K
}
Event: 26.162 GC heap before
{Heap before GC invocations=28 (full 2):
 PSYoungGen      total 23040K, used 21184K [0x00000007eab00000, 0x00000007ec500000, 0x0000000800000000)
  eden space 20480K, 100% used [0x00000007eab00000,0x00000007ebf00000,0x00000007ebf00000)
  from space 2560K, 27% used [0x00000007ec080000,0x00000007ec130040,0x00000007ec300000)
  to   space 1024K, 0% used [0x00000007ec400000,0x00000007ec400000,0x00000007ec500000)
 ParOldGen       total 68608K, used 39278K [0x00000007c0000000, 0x00000007c4300000, 0x00000007eab00000)
  object space 68608K, 57% used [0x00000007c0000000,0x00000007c265ba58,0x00000007c4300000)
 Metaspace       used 54689K, committed 55552K, reserved 1105920K
  class space    used 5950K, committed 6336K, reserved 1048576K
}
Event: 26.164 GC heap after
{Heap after GC invocations=28 (full 2):
 PSYoungGen      total 21504K, used 832K [0x00000007eab00000, 0x00000007ec500000, 0x0000000800000000)
  eden space 20480K, 0% used [0x00000007eab00000,0x00000007eab00000,0x00000007ebf00000)
  from space 1024K, 81% used [0x00000007ec400000,0x00000007ec4d0000,0x00000007ec500000)
  to   space 1024K, 0% used [0x00000007ec300000,0x00000007ec300000,0x00000007ec400000)
 ParOldGen       total 68608K, used 39942K [0x00000007c0000000, 0x00000007c4300000, 0x00000007eab00000)
  object space 68608K, 58% used [0x00000007c0000000,0x00000007c2701ad8,0x00000007c4300000)
 Metaspace       used 54689K, committed 55552K, reserved 1105920K
  class space    used 5950K, committed 6336K, reserved 1048576K
}
Event: 26.535 GC heap before
{Heap before GC invocations=29 (full 2):
 PSYoungGen      total 21504K, used 21312K [0x00000007eab00000, 0x00000007ec500000, 0x0000000800000000)
  eden space 20480K, 100% used [0x00000007eab00000,0x00000007ebf00000,0x00000007ebf00000)
  from space 1024K, 81% used [0x00000007ec400000,0x00000007ec4d0000,0x00000007ec500000)
  to   space 1024K, 0% used [0x00000007ec300000,0x00000007ec300000,0x00000007ec400000)
 ParOldGen       total 68608K, used 39942K [0x00000007c0000000, 0x00000007c4300000, 0x00000007eab00000)
  object space 68608K, 58% used [0x00000007c0000000,0x00000007c2701ad8,0x00000007c4300000)
 Metaspace       used 54709K, committed 55552K, reserved 1105920K
  class space    used 5950K, committed 6336K, reserved 1048576K
}
Event: 26.537 GC heap after
{Heap after GC invocations=29 (full 2):
 PSYoungGen      total 21504K, used 944K [0x00000007eab00000, 0x00000007ec480000, 0x0000000800000000)
  eden space 20480K, 0% used [0x00000007eab00000,0x00000007eab00000,0x00000007ebf00000)
  from space 1024K, 92% used [0x00000007ec300000,0x00000007ec3ec030,0x00000007ec400000)
  to   space 512K, 0% used [0x00000007ec400000,0x00000007ec400000,0x00000007ec480000)
 ParOldGen       total 68608K, used 40711K [0x00000007c0000000, 0x00000007c4300000, 0x00000007eab00000)
  object space 68608K, 59% used [0x00000007c0000000,0x00000007c27c1d80,0x00000007c4300000)
 Metaspace       used 54709K, committed 55552K, reserved 1105920K
  class space    used 5950K, committed 6336K, reserved 1048576K
}
Event: 27.400 GC heap before
{Heap before GC invocations=30 (full 2):
 PSYoungGen      total 21504K, used 21424K [0x00000007eab00000, 0x00000007ec480000, 0x0000000800000000)
  eden space 20480K, 100% used [0x00000007eab00000,0x00000007ebf00000,0x00000007ebf00000)
  from space 1024K, 92% used [0x00000007ec300000,0x00000007ec3ec030,0x00000007ec400000)
  to   space 512K, 0% used [0x00000007ec400000,0x00000007ec400000,0x00000007ec480000)
 ParOldGen       total 68608K, used 40711K [0x00000007c0000000, 0x00000007c4300000, 0x00000007eab00000)
  object space 68608K, 59% used [0x00000007c0000000,0x00000007c27c1d80,0x00000007c4300000)
 Metaspace       used 55490K, committed 56384K, reserved 1105920K
  class space    used 6004K, committed 6400K, reserved 1048576K
}
Event: 27.403 GC heap after
{Heap after GC invocations=30 (full 2):
 PSYoungGen      total 20992K, used 512K [0x00000007eab00000, 0x00000007ec500000, 0x0000000800000000)
  eden space 20480K, 0% used [0x00000007eab00000,0x00000007eab00000,0x00000007ebf00000)
  from space 512K, 100% used [0x00000007ec400000,0x00000007ec480000,0x00000007ec480000)
  to   space 3072K, 0% used [0x00000007ebf00000,0x00000007ebf00000,0x00000007ec200000)
 ParOldGen       total 68608K, used 42564K [0x00000007c0000000, 0x00000007c4300000, 0x00000007eab00000)
  object space 68608K, 62% used [0x00000007c0000000,0x00000007c29912c8,0x00000007c4300000)
 Metaspace       used 55490K, committed 56384K, reserved 1105920K
  class space    used 6004K, committed 6400K, reserved 1048576K
}
Event: 28.393 GC heap before
{Heap before GC invocations=31 (full 2):
 PSYoungGen      total 20992K, used 20992K [0x00000007eab00000, 0x00000007ec500000, 0x0000000800000000)
  eden space 20480K, 100% used [0x00000007eab00000,0x00000007ebf00000,0x00000007ebf00000)
  from space 512K, 100% used [0x00000007ec400000,0x00000007ec480000,0x00000007ec480000)
  to   space 3072K, 0% used [0x00000007ebf00000,0x00000007ebf00000,0x00000007ec200000)
 ParOldGen       total 68608K, used 42564K [0x00000007c0000000, 0x00000007c4300000, 0x00000007eab00000)
  object space 68608K, 62% used [0x00000007c0000000,0x00000007c29912c8,0x00000007c4300000)
 Metaspace       used 56725K, committed 57664K, reserved 1105920K
  class space    used 6112K, committed 6528K, reserved 1048576K
}
Event: 28.397 GC heap after
{Heap after GC invocations=31 (full 2):
 PSYoungGen      total 23552K, used 1770K [0x00000007eab00000, 0x00000007ec480000, 0x0000000800000000)
  eden space 20480K, 0% used [0x00000007eab00000,0x00000007eab00000,0x00000007ebf00000)
  from space 3072K, 57% used [0x00000007ebf00000,0x00000007ec0baaf0,0x00000007ec200000)
  to   space 2048K, 0% used [0x00000007ec280000,0x00000007ec280000,0x00000007ec480000)
 ParOldGen       total 68608K, used 43070K [0x00000007c0000000, 0x00000007c4300000, 0x00000007eab00000)
  object space 68608K, 62% used [0x00000007c0000000,0x00000007c2a0fb98,0x00000007c4300000)
 Metaspace       used 56725K, committed 57664K, reserved 1105920K
  class space    used 6112K, committed 6528K, reserved 1048576K
}

